type=EXECVE msg=audit(1648469185.812:257): argc=2 a0="vim" a1="/var/log/audit/audit.log"
type=EXECVE msg=audit(1648469190.956:271): argc=2 a0="less" a1="/var/log/audit/audit.log"
type=EXECVE msg=audit(1648469217.420:277): argc=2 a0="tmux" a1="new"
type=EXECVE msg=audit(1648469217.432:282): argc=1 a0="-zsh"
type=EXECVE msg=audit(1648469217.432:283): argc=3 a0="/usr/lib/x86_64-linux-gnu/utempter/utempter" a1="add" a2="tmux(3353).%0"
type=EXECVE msg=audit(1648469217.440:287): argc=2 a0="id" a1="-u"
type=EXECVE msg=audit(1648469217.444:288): argc=2 a0="id" a1="-u"
type=EXECVE msg=audit(1648469217.448:289): argc=3 a0="grep" a1="-q" a2="^/sbin$"
type=EXECVE msg=audit(1648469217.452:290): argc=3 a0="tr" a1=":" a2="\n"
type=EXECVE msg=audit(1648469217.452:291): argc=2 a0="/bin/sh" a1="/usr/bin/kali-motd"
type=EXECVE msg=audit(1648469217.456:292): argc=6 a0="dpkg-query" a1="-f" a2="${db:Status-Status}\n" a3="-W" a4="kali-linux-headless" a5="kali-tools-*"
type=EXECVE msg=audit(1648469217.456:293): argc=3 a0="grep" a1="-q" a2="^installed"
type=EXECVE msg=audit(1648469217.476:294): argc=2 a0="uname" a1="-r"
type=EXECVE msg=audit(1648469217.476:295): argc=3 a0="grep" a1="-q" a2="cloud"
type=EXECVE msg=audit(1648469217.476:296): argc=2 a0="readlink" a1="/usr/bin/python"
type=EXECVE msg=audit(1648469217.480:297): argc=1 a0="cat"
type=EXECVE msg=audit(1648469217.484:298): argc=4 a0="grep" a1="-q" a2="^ID.*=.*ubuntu" a3="/etc/os-release"
type=EXECVE msg=audit(1648469217.512:299): argc=3 a0="tput" a1="setaf" a2="1"
type=EXECVE msg=audit(1648469217.524:300): argc=2 a0="dircolors" a1="-b"
type=EXECVE msg=audit(1648469219.440:302): argc=3 a0="/usr/lib/x86_64-linux-gnu/utempter/utempter" a1="add" a2="tmux(3353).%1"
type=EXECVE msg=audit(1648469219.444:303): argc=1 a0="-zsh"
type=EXECVE msg=audit(1648469219.448:306): argc=2 a0="id" a1="-u"
type=EXECVE msg=audit(1648469219.452:307): argc=2 a0="id" a1="-u"
type=EXECVE msg=audit(1648469219.456:308): argc=3 a0="tr" a1=":" a2="\n"
type=EXECVE msg=audit(1648469219.460:309): argc=3 a0="grep" a1="-q" a2="^/sbin$"
type=EXECVE msg=audit(1648469219.460:310): argc=2 a0="/bin/sh" a1="/usr/bin/kali-motd"
type=EXECVE msg=audit(1648469219.464:311): argc=6 a0="dpkg-query" a1="-f" a2="${db:Status-Status}\n" a3="-W" a4="kali-linux-headless" a5="kali-tools-*"
type=EXECVE msg=audit(1648469219.464:312): argc=3 a0="grep" a1="-q" a2="^installed"
type=EXECVE msg=audit(1648469219.484:313): argc=2 a0="uname" a1="-r"
type=EXECVE msg=audit(1648469219.484:314): argc=3 a0="grep" a1="-q" a2="cloud"
type=EXECVE msg=audit(1648469219.488:315): argc=2 a0="readlink" a1="/usr/bin/python"
type=EXECVE msg=audit(1648469219.488:316): argc=1 a0="cat"
type=EXECVE msg=audit(1648469219.492:317): argc=4 a0="grep" a1="-q" a2="^ID.*=.*ubuntu" a3="/etc/os-release"
type=EXECVE msg=audit(1648469219.520:318): argc=3 a0="tput" a1="setaf" a2="1"
type=EXECVE msg=audit(1648469219.536:319): argc=2 a0="dircolors" a1="-b"
type=EXECVE msg=audit(1648469240.924:326): argc=2 a0="/usr/lib/x86_64-linux-gnu/utempter/utempter" a1="del"
type=EXECVE msg=audit(1648469241.864:329): argc=3 a0="/usr/lib/x86_64-linux-gnu/utempter/utempter" a1="add" a2="tmux(3353).%2"
type=EXECVE msg=audit(1648469241.864:330): argc=1 a0="-zsh"
type=EXECVE msg=audit(1648469241.872:333): argc=2 a0="id" a1="-u"
type=EXECVE msg=audit(1648469241.876:334): argc=2 a0="id" a1="-u"
type=EXECVE msg=audit(1648469241.880:335): argc=3 a0="tr" a1=":" a2="\n"
type=EXECVE msg=audit(1648469241.880:336): argc=3 a0="grep" a1="-q" a2="^/sbin$"
type=EXECVE msg=audit(1648469241.884:337): argc=2 a0="/bin/sh" a1="/usr/bin/kali-motd"
type=EXECVE msg=audit(1648469241.884:338): argc=6 a0="dpkg-query" a1="-f" a2="${db:Status-Status}\n" a3="-W" a4="kali-linux-headless" a5="kali-tools-*"
type=EXECVE msg=audit(1648469241.884:339): argc=3 a0="grep" a1="-q" a2="^installed"
type=EXECVE msg=audit(1648469241.908:340): argc=2 a0="uname" a1="-r"
type=EXECVE msg=audit(1648469241.908:341): argc=3 a0="grep" a1="-q" a2="cloud"
type=EXECVE msg=audit(1648469241.908:342): argc=2 a0="readlink" a1="/usr/bin/python"
type=EXECVE msg=audit(1648469241.912:343): argc=1 a0="cat"
type=EXECVE msg=audit(1648469241.916:344): argc=4 a0="grep" a1="-q" a2="^ID.*=.*ubuntu" a3="/etc/os-release"
type=EXECVE msg=audit(1648469241.940:345): argc=3 a0="tput" a1="setaf" a2="1"
type=EXECVE msg=audit(1648469241.956:346): argc=2 a0="dircolors" a1="-b"
type=EXECVE msg=audit(1648469246.160:348): argc=3 a0="ls" a1="--color=auto" a2="-l"
type=EXECVE msg=audit(1648469253.416:352): argc=2 a0="vim" a1="audit.rules"
type=EXECVE msg=audit(1648469267.700:365): argc=1 a0="locale"
type=EXECVE msg=audit(1648469267.704:366): argc=2 a0="grep" a1="--version"
type=EXECVE msg=audit(1648469268.336:367): argc=4 a0="grep" a1="--color=auto" a2="-k" a3="audit.rules"
type=EXECVE msg=audit(1648469274.480:368): argc=4 a0="grep" a1="--color=auto" a2="\-k" a3="audit.rules"
type=EXECVE msg=audit(1648469325.984:369): argc=2 a0="grep" a1="--color=auto"
type=EXECVE msg=audit(1648469327.860:375): argc=1 a0="locale"
type=EXECVE msg=audit(1648469327.860:376): argc=2 a0="grep" a1="--version"
type=EXECVE msg=audit(1648469330.833:381): argc=4 a0="grep" a1="--color=auto" a2="KEXEC" a3="audit.log"
type=EXECVE msg=audit(1648469338.141:397): argc=4 a0="grep" a1="--color=auto" a2="EXECVE" a3="audit.log"
type=EXECVE msg=audit(1648469341.170:404): argc=3 a0="/bin/sh" a1="-c" a2=20205B202D78202F7573722F6C69622F7068702F73657373696F6E636C65616E205D202626206966205B2021202D64202F72756E2F73797374656D642F73797374656D205D3B207468656E202F7573722F6C69622F7068702F73657373696F6E636C65616E3B206669
type=EXECVE msg=audit(1648469346.446:408): argc=3 a0="/bin/sh" a1="-e" a2="/usr/lib/php/sessionclean"
type=EXECVE msg=audit(1648469346.446:409): argc=4 a0="sort" a1="-rn" a2="-t:" a3="-k2,2"
type=EXECVE msg=audit(1648469346.446:410): argc=5 a0="sort" a1="-u" a2="-t:" a3="-k" a4="1,1"
type=EXECVE msg=audit(1648469346.446:411): argc=3 a0="/bin/sh" a1="/usr/sbin/phpquery" a2="-V"
type=EXECVE msg=audit(1648469346.450:412): argc=4 a0="expr" a1="2" a2="-" a3="1"
type=EXECVE msg=audit(1648469346.450:413): argc=10 a0="find" a1="/usr/lib/php" a2="-mindepth" a3="1" a4="-maxdepth" a5="1" a6="-regex" a7=".*[0-9]\.[0-9]" a8="-printf" a9="%f\n"
type=EXECVE msg=audit(1648469346.450:414): argc=2 a0="sort" a1="-rn"
type=EXECVE msg=audit(1648469346.454:415): argc=7 a0="php7.4" a1="-c" a2="/etc/php/7.4/apache2/php.ini" a3="-d" a4="error_reporting='~E_ALL'" a5="-r" a6=666F726561636828696E695F6765745F616C6C282273657373696F6E222920617320246B203D3E20247629206563686F2022246B3D222E24765B226C6F63616C5F76616C7565225D2E225C6E223B
type=EXECVE msg=audit(1648469346.466:416): argc=3 a0="sed" a1="-ne" a2="s/^session\.save_handler=\(.*\)$/\1/p"
type=EXECVE msg=audit(1648469346.470:417): argc=3 a0="sed" a1="-ne" a2="s/^session\.save_path=\(.*;\)\?\(.*\)$/\2/p"
type=EXECVE msg=audit(1648469346.474:418): argc=3 a0="sed" a1="-ne" a2="s/^session\.gc_maxlifetime=\(.*\)$/\1/p"
type=EXECVE msg=audit(1648469346.474:419): argc=3 a0="sed" a1="-e" a2="s,@VERSION@,7.4,"
type=EXECVE msg=audit(1648469346.478:420): argc=7 a0="php7.4" a1="-c" a2="/etc/php/7.4/cli/php.ini" a3="-d" a4="error_reporting='~E_ALL'" a5="-r" a6=666F726561636828696E695F6765745F616C6C282273657373696F6E222920617320246B203D3E20247629206563686F2022246B3D222E24765B226C6F63616C5F76616C7565225D2E225C6E223B
type=EXECVE msg=audit(1648469346.490:421): argc=3 a0="sed" a1="-ne" a2="s/^session\.save_handler=\(.*\)$/\1/p"
type=EXECVE msg=audit(1648469346.490:422): argc=3 a0="sed" a1="-ne" a2="s/^session\.save_path=\(.*;\)\?\(.*\)$/\2/p"
type=EXECVE msg=audit(1648469346.494:423): argc=3 a0="sed" a1="-ne" a2="s/^session\.gc_maxlifetime=\(.*\)$/\1/p"
type=EXECVE msg=audit(1648469346.494:424): argc=3 a0="sed" a1="-e" a2="s,@VERSION@,7.4,"
type=EXECVE msg=audit(1648469346.498:425): argc=3 a0="pidof" a1="apache2" a2="php7.4"
type=EXECVE msg=audit(1648469346.502:426): argc=14 a0="find" a1="-O3" a2="/var/lib/php/sessions/" a3="-ignore_readdir_race" a4="-depth" a5="-mindepth" a6="1" a7="-name" a8="sess_*" a9="-type" a10="f" a11="-cmin" a12="+24" a13="-delete"
type=EXECVE msg=audit(1648469348.330:434): argc=4 a0="grep" a1="--color=auto" a2="EXECVE" a3="audit.log"
type=EXECVE msg=audit(1648469348.330:436): argc=1 a0="head"
type=EXECVE msg=audit(1648469451.066:476): argc=4 a0="grep" a1="--color=auto" a2="EXECVE" a3="audit.log"
type=EXECVE msg=audit(1648469451.066:477): argc=2 a0="awk" a1=7B7072696E742024312C2024342D7D
type=EXECVE msg=audit(1648469453.730:482): argc=4 a0="grep" a1="--color=auto" a2="EXECVE" a3="audit.log"
type=EXECVE msg=audit(1648469453.730:483): argc=2 a0="awk" a1=7B7072696E742024312C2024342D24387D
type=EXECVE msg=audit(1648469455.990:488): argc=4 a0="grep" a1="--color=auto" a2="EXECVE" a3="audit.log"
type=EXECVE msg=audit(1648469455.990:489): argc=2 a0="awk" a1=7B7072696E742024312C2024332D24387D
type=EXECVE msg=audit(1648469463.334:504): argc=4 a0="grep" a1="--color=auto" a2="EXECVE" a3="audit.log"
type=EXECVE msg=audit(1648469463.334:505): argc=2 a0="awk" a1=7B7072696E742024312C2024332C24342C24352C24387D
type=EXECVE msg=audit(1648469473.751:538): argc=4 a0="grep" a1="--color=auto" a2="EXECVE" a3="audit.log"
type=EXECVE msg=audit(1648469473.751:539): argc=2 a0="cut" a1=2D64202D66312C332D
type=EXECVE msg=audit(1648469477.827:546): argc=4 a0="grep" a1="--color=auto" a2="EXECVE" a3="audit.log"
type=EXECVE msg=audit(1648469477.827:547): argc=3 a0="cut" a1=2D64202D6631 a2="-f3-"
type=EXECVE msg=audit(1648469484.832:549): argc=4 a0="grep" a1="--color=auto" a2="EXECVE" a3="audit.log"
type=EXECVE msg=audit(1648469484.836:550): argc=2 a0="cut" a1=2D64202D66312C332C342C35
type=EXECVE msg=audit(1648469489.925:552): argc=4 a0="grep" a1="--color=auto" a2="EXECVE" a3="audit.log"
type=EXECVE msg=audit(1648469489.925:553): argc=2 a0="cut" a1=2D64202D66312D35
type=EXECVE msg=audit(1648469493.265:555): argc=4 a0="grep" a1="--color=auto" a2="EXECVE" a3="audit.log"
type=EXECVE msg=audit(1648469493.265:556): argc=2 a0="cut" a1=2D64202D6631
type=EXECVE msg=audit(1648469500.818:558): argc=4 a0="grep" a1="--color=auto" a2="EXECVE" a3="audit.log"
type=EXECVE msg=audit(1648469500.818:559): argc=3 a0="cut" a1=2D6420 a2="-f1,3-"
type=EXECVE msg=audit(1648469505.650:564): argc=4 a0="grep" a1="--color=auto" a2="EXECVE" a3="audit.log"
type=EXECVE msg=audit(1648469505.650:565): argc=3 a0="cut" a1=2D6420 a2="-f1,3-"
type=EXECVE msg=audit(1648469505.650:566): argc=1 a0="head"
type=EXECVE msg=audit(1648469514.155:574): argc=4 a0="grep" a1="--color=auto" a2="EXECVE" a3="audit.log"
type=EXECVE msg=audit(1648469514.155:575): argc=3 a0="cut" a1=2D6420 a2="-f1,3-"
type=EXECVE msg=audit(1648469514.155:576): argc=1 a0="tail"
type=EXECVE msg=audit(1648469521.124:581): argc=4 a0="grep" a1="--color=auto" a2="EXECVE" a3="audit.log"
type=EXECVE msg=audit(1648469521.124:582): argc=3 a0="cut" a1=2D6420 a2="-f1,3-"
type=EXECVE msg=audit(1648469521.124:583): argc=2 a0="head" a1="-50"
type=EXECVE msg=audit(1648469521.124:585): argc=1 a0="tail"
type=EXECVE msg=audit(1648469525.020:586): argc=4 a0="grep" a1="--color=auto" a2="EXECVE" a3="audit.log"
type=EXECVE msg=audit(1648469525.020:587): argc=3 a0="cut" a1=2D6420 a2="-f1,3-"
type=EXECVE msg=audit(1648469525.020:588): argc=2 a0="head" a1="-55"
type=EXECVE msg=audit(1648469525.020:590): argc=1 a0="tail"
type=EXECVE msg=audit(1648469701.188:596): argc=3 a0="/bin/sh" a1="-c" a2=636F6D6D616E64202D762064656269616E2D736131203E202F6465762F6E756C6C2026262064656269616E2D73613120312031
type=EXECVE msg=audit(1648469701.188:597): argc=4 a0="/bin/sh" a1="/usr/lib/sysstat/debian-sa1" a2="1" a3="1"
type=EXECVE msg=audit(1648469721.158:600): argc=1 a0="/usr/lib/NetworkManager/nm-dispatcher"
type=EXECVE msg=audit(1648469721.166:602): argc=5 a0="/bin/sh" a1="-e" a2="/etc/NetworkManager/dispatcher.d/01-ifupdown" a3="eth0" a4="dhcp4-change"
type=EXECVE msg=audit(1648469721.170:603): argc=4 a0="/bin/sh" a1="/etc/NetworkManager/dispatcher.d/ntp" a2="eth0" a3="dhcp4-change"
type=EXECVE msg=audit(1648469821.199:610): argc=3 a0="/bin/sh" a1="-c" a2=2020206364202F2026262072756E2D7061727473202D2D7265706F7274202F6574632F63726F6E2E686F75726C79
type=EXECVE msg=audit(1648469821.203:611): argc=3 a0="run-parts" a1="--report" a2="/etc/cron.hourly"
type=EXECVE msg=audit(1648470301.219:621): argc=3 a0="/bin/sh" a1="-c" a2=636F6D6D616E64202D762064656269616E2D736131203E202F6465762F6E756C6C2026262064656269616E2D73613120312031
type=EXECVE msg=audit(1648470301.219:622): argc=4 a0="/bin/sh" a1="/usr/lib/sysstat/debian-sa1" a2="1" a3="1"
type=EXECVE msg=audit(1648470621.139:625): argc=1 a0="/usr/lib/NetworkManager/nm-dispatcher"
type=EXECVE msg=audit(1648470621.147:627): argc=5 a0="/bin/sh" a1="-e" a2="/etc/NetworkManager/dispatcher.d/01-ifupdown" a3="eth0" a4="dhcp4-change"
type=EXECVE msg=audit(1648470621.151:628): argc=4 a0="/bin/sh" a1="/etc/NetworkManager/dispatcher.d/ntp" a2="eth0" a3="dhcp4-change"
type=EXECVE msg=audit(1648470720.814:630): argc=11 a0="/bin/sh" a1="/usr/bin/X" a2=":1" a3="-seat" a4="seat0" a5="-auth" a6="/var/run/lightdm/root/:1" a7="-nolisten" a8="tcp" a9="vt8" a10="-novtswitch"
type=EXECVE msg=audit(1648470720.814:631): argc=10 a0="/usr/lib/xorg/Xorg.wrap" a1=":1" a2="-seat" a3="seat0" a4="-auth" a5="/var/run/lightdm/root/:1" a6="-nolisten" a7="tcp" a8="vt8" a9="-novtswitch"
type=EXECVE msg=audit(1648470720.818:632): argc=10 a0="/usr/lib/xorg/Xorg" a1=":1" a2="-seat" a3="seat0" a4="-auth" a5="/var/run/lightdm/root/:1" a6="-nolisten" a7="tcp" a8="vt8" a9="-novtswitch"
type=EXECVE msg=audit(1648470721.782:633): argc=3 a0="sh" a1="-c" a2=222F7573722F62696E2F786B62636F6D7022202D77203120222D522F7573722F73686172652F5831312F786B6222202D786B6D20222D22202D656D31202254686520584B4559424F415244206B65796D617020636F6D70696C65722028786B62636F6D7029207265706F7274733A22202D656D7020223E2022202D656D6C20224572726F72732066726F6D20786B62636F6D7020617265206E6F7420666174616C20746F207468652058207365727665722220222F7661722F6C69622F786B622F7365727665722D312E786B6D22
type=EXECVE msg=audit(1648470721.782:634): argc=13 a0="/usr/bin/xkbcomp" a1="-w" a2="1" a3="-R/usr/share/X11/xkb" a4="-xkm" a5="-" a6="-em1" a7=54686520584B4559424F415244206B65796D617020636F6D70696C65722028786B62636F6D7029207265706F7274733A a8="-emp" a9=3E20 a10="-eml" a11=4572726F72732066726F6D20786B62636F6D7020617265206E6F7420666174616C20746F20746865205820736572766572 a12="/var/lib/xkb/server-1.xkm"
type=EXECVE msg=audit(1648470722.834:643): argc=4 a0="lightdm" a1="--session-child" a2="19" a3="24"
type=EXECVE msg=audit(1648470722.854:646): argc=3 a0="/lib/systemd/systemd-user-runtime-dir" a1="start" a2="132"
type=EXECVE msg=audit(1648470722.946:661): argc=4 a0="/bin/systemctl" a1="--user" a2="set-environment" a3="DBUS_SESSION_BUS_ADDRESS=unix:path=/run/user/132/bus"
type=EXECVE msg=audit(1648470723.066:665): argc=5 a0="fusermount3" a1="-o" a2="rw,nosuid,nodev,subtype=gvfsd-fuse" a3="--" a4="/run/user/132/gvfs"
type=EXECVE msg=audit(1648470723.374:669): argc=4 a0="lightdm" a1="--session-child" a2="15" a3="24"
type=EXECVE msg=audit(1648470723.382:672): argc=4 a0="lightdm" a1="--session-child" a2="15" a3="26"
type=EXECVE msg=audit(1648470723.398:676): argc=4 a0="lightdm" a1="--session-child" a2="15" a3="26"
type=EXECVE msg=audit(1648470901.233:683): argc=3 a0="/bin/sh" a1="-c" a2=636F6D6D616E64202D762064656269616E2D736131203E202F6465762F6E756C6C2026262064656269616E2D73613120312031
type=EXECVE msg=audit(1648470901.237:684): argc=4 a0="/bin/sh" a1="/usr/lib/sysstat/debian-sa1" a2="1" a3="1"
type=EXECVE msg=audit(1648471141.251:692): argc=3 a0="/bin/sh" a1="-c" a2=20205B202D78202F7573722F6C69622F7068702F73657373696F6E636C65616E205D202626206966205B2021202D64202F72756E2F73797374656D642F73797374656D205D3B207468656E202F7573722F6C69622F7068702F73657373696F6E636C65616E3B206669
type=EXECVE msg=audit(1648471177.020:695): argc=3 a0="/bin/sh" a1="-e" a2="/usr/lib/php/sessionclean"
type=EXECVE msg=audit(1648471177.020:696): argc=4 a0="sort" a1="-rn" a2="-t:" a3="-k2,2"
type=EXECVE msg=audit(1648471177.020:697): argc=5 a0="sort" a1="-u" a2="-t:" a3="-k" a4="1,1"
type=EXECVE msg=audit(1648471177.020:698): argc=3 a0="/bin/sh" a1="/usr/sbin/phpquery" a2="-V"
type=EXECVE msg=audit(1648471177.024:699): argc=4 a0="expr" a1="2" a2="-" a3="1"
type=EXECVE msg=audit(1648471177.024:700): argc=2 a0="sort" a1="-rn"
type=EXECVE msg=audit(1648471177.024:701): argc=10 a0="find" a1="/usr/lib/php" a2="-mindepth" a3="1" a4="-maxdepth" a5="1" a6="-regex" a7=".*[0-9]\.[0-9]" a8="-printf" a9="%f\n"
type=EXECVE msg=audit(1648471177.028:702): argc=7 a0="php7.4" a1="-c" a2="/etc/php/7.4/apache2/php.ini" a3="-d" a4="error_reporting='~E_ALL'" a5="-r" a6=666F726561636828696E695F6765745F616C6C282273657373696F6E222920617320246B203D3E20247629206563686F2022246B3D222E24765B226C6F63616C5F76616C7565225D2E225C6E223B
type=EXECVE msg=audit(1648471177.040:703): argc=3 a0="sed" a1="-ne" a2="s/^session\.save_handler=\(.*\)$/\1/p"
type=EXECVE msg=audit(1648471177.040:704): argc=3 a0="sed" a1="-ne" a2="s/^session\.save_path=\(.*;\)\?\(.*\)$/\2/p"
type=EXECVE msg=audit(1648471177.044:705): argc=3 a0="sed" a1="-ne" a2="s/^session\.gc_maxlifetime=\(.*\)$/\1/p"
type=EXECVE msg=audit(1648471177.044:706): argc=3 a0="sed" a1="-e" a2="s,@VERSION@,7.4,"
type=EXECVE msg=audit(1648471177.048:707): argc=7 a0="php7.4" a1="-c" a2="/etc/php/7.4/cli/php.ini" a3="-d" a4="error_reporting='~E_ALL'" a5="-r" a6=666F726561636828696E695F6765745F616C6C282273657373696F6E222920617320246B203D3E20247629206563686F2022246B3D222E24765B226C6F63616C5F76616C7565225D2E225C6E223B
type=EXECVE msg=audit(1648471177.060:708): argc=3 a0="sed" a1="-ne" a2="s/^session\.save_handler=\(.*\)$/\1/p"
type=EXECVE msg=audit(1648471177.060:709): argc=3 a0="sed" a1="-ne" a2="s/^session\.save_path=\(.*;\)\?\(.*\)$/\2/p"
type=EXECVE msg=audit(1648471177.064:710): argc=3 a0="sed" a1="-ne" a2="s/^session\.gc_maxlifetime=\(.*\)$/\1/p"
type=EXECVE msg=audit(1648471177.064:711): argc=3 a0="sed" a1="-e" a2="s,@VERSION@,7.4,"
type=EXECVE msg=audit(1648471177.068:712): argc=3 a0="pidof" a1="apache2" a2="php7.4"
type=EXECVE msg=audit(1648471177.076:713): argc=14 a0="find" a1="-O3" a2="/var/lib/php/sessions/" a3="-ignore_readdir_race" a4="-depth" a5="-mindepth" a6="1" a7="-name" a8="sess_*" a9="-type" a10="f" a11="-cmin" a12="+24" a13="-delete"
type=EXECVE msg=audit(1648471501.262:721): argc=3 a0="/bin/sh" a1="-c" a2=636F6D6D616E64202D762064656269616E2D736131203E202F6465762F6E756C6C2026262064656269616E2D73613120312031
type=EXECVE msg=audit(1648471501.262:722): argc=4 a0="/bin/sh" a1="/usr/lib/sysstat/debian-sa1" a2="1" a3="1"
type=EXECVE msg=audit(1648471508.118:725): argc=2 a0="/bin/sh" a1="/etc/vmware-tools/suspend-vm-default"
type=EXECVE msg=audit(1648471508.118:726): argc=1 a0="date"
type=EXECVE msg=audit(1648471508.118:727): argc=2 a0="dirname" a1="/etc/vmware-tools/suspend-vm-default"
type=EXECVE msg=audit(1648471508.122:728): argc=2 a0="basename" a1="/etc/vmware-tools/suspend-vm-default"
type=EXECVE msg=audit(1648471508.122:729): argc=2 a0="sed" a1="s,-default,,"
type=EXECVE msg=audit(1648471508.122:730): argc=4 a0="/bin/sh" a1="-x" a2="/etc/vmware-tools/scripts/vmware/network" a3="suspend-vm"
type=EXECVE msg=audit(1648471508.126:731): argc=4 a0="expr" a1="9" a2="-" a3="1"
type=EXECVE msg=audit(1648471508.126:732): argc=4 a0="seq" a1="8" a2="-1" a3="1"
type=EXECVE msg=audit(1648471508.126:733): argc=4 a0="expr" a1="8" a2="+" a3="1"
type=EXECVE msg=audit(1648471508.130:734): argc=4 a0="mv" a1="-f" a2="/var/log/vmware-network.8.log" a3="/var/log/vmware-network.9.log"
type=EXECVE msg=audit(1648471508.130:735): argc=4 a0="expr" a1="7" a2="+" a3="1"
type=EXECVE msg=audit(1648471508.134:736): argc=4 a0="mv" a1="-f" a2="/var/log/vmware-network.7.log" a3="/var/log/vmware-network.8.log"
type=EXECVE msg=audit(1648471508.134:737): argc=4 a0="expr" a1="6" a2="+" a3="1"
type=EXECVE msg=audit(1648471508.134:738): argc=4 a0="mv" a1="-f" a2="/var/log/vmware-network.6.log" a3="/var/log/vmware-network.7.log"
type=EXECVE msg=audit(1648471508.138:739): argc=4 a0="expr" a1="5" a2="+" a3="1"
type=EXECVE msg=audit(1648471508.138:740): argc=4 a0="mv" a1="-f" a2="/var/log/vmware-network.5.log" a3="/var/log/vmware-network.6.log"
type=EXECVE msg=audit(1648471508.142:741): argc=4 a0="expr" a1="4" a2="+" a3="1"
type=EXECVE msg=audit(1648471508.142:742): argc=4 a0="mv" a1="-f" a2="/var/log/vmware-network.4.log" a3="/var/log/vmware-network.5.log"
type=EXECVE msg=audit(1648471508.142:743): argc=4 a0="expr" a1="3" a2="+" a3="1"
type=EXECVE msg=audit(1648471508.146:744): argc=4 a0="mv" a1="-f" a2="/var/log/vmware-network.3.log" a3="/var/log/vmware-network.4.log"
type=EXECVE msg=audit(1648471508.146:745): argc=4 a0="expr" a1="2" a2="+" a3="1"
type=EXECVE msg=audit(1648471508.146:746): argc=4 a0="mv" a1="-f" a2="/var/log/vmware-network.2.log" a3="/var/log/vmware-network.3.log"
type=EXECVE msg=audit(1648471508.150:747): argc=4 a0="expr" a1="1" a2="+" a3="1"
type=EXECVE msg=audit(1648471508.150:748): argc=4 a0="mv" a1="-f" a2="/var/log/vmware-network.1.log" a3="/var/log/vmware-network.2.log"
type=EXECVE msg=audit(1648471508.150:749): argc=4 a0="mv" a1="-f" a2="/var/log/vmware-network.log" a3="/var/log/vmware-network.1.log"
type=EXECVE msg=audit(1648471508.154:750): argc=3 a0="chmod" a1="0600" a2="/var/log/vmware-network.log"
type=EXECVE msg=audit(1648471508.154:751): argc=1 a0="date"
type=EXECVE msg=audit(1648471508.154:752): argc=2 a0="dirname" a1="/etc/vmware-tools/scripts/vmware/network"
type=EXECVE msg=audit(1648471508.158:753): argc=3 a0="/bin/sh" a1="/usr/bin/which" a2="dbus-send"
type=EXECVE msg=audit(1648471508.158:754): argc=8 a0="/usr/bin/dbus-send" a1="--system" a2="--print-reply" a3="--dest=org.freedesktop.NetworkManager" a4="/org/freedesktop/NetworkManager" a5="org.freedesktop.DBus.Properties.Get" a6="string:org.freedesktop.NetworkManager" a7="string:State"
type=EXECVE msg=audit(1648471508.158:755): argc=2 a0="awk" a1=2F76617269616E742F207B7072696E742024333B7D
type=EXECVE msg=audit(1648471508.162:756): argc=7 a0="/usr/bin/dbus-send" a1="--system" a2="--print-reply" a3="--dest=org.freedesktop.NetworkManager" a4="/org/freedesktop/NetworkManager" a5="org.freedesktop.NetworkManager.Enable" a6="boolean:false"
type=EXECVE msg=audit(1648471508.166:758): argc=1 a0="date"
type=EXECVE msg=audit(1648471508.170:759): argc=4 a0="expr" a1="0" a2="|" a3="0"
type=EXECVE msg=audit(1648471508.170:760): argc=1 a0="/usr/lib/NetworkManager/nm-dispatcher"
type=EXECVE msg=audit(1648471508.190:762): argc=5 a0="/bin/sh" a1="-e" a2="/etc/NetworkManager/dispatcher.d/01-ifupdown" a3="" a4="connectivity-change"
type=EXECVE msg=audit(1648471508.202:763): argc=4 a0="/bin/sh" a1="/etc/NetworkManager/dispatcher.d/ntp" a2="" a3="connectivity-change"
type=EXECVE msg=audit(1648481957.820:764): argc=2 a0="/bin/sh" a1="/etc/vmware-tools/resume-vm-default"
type=EXECVE msg=audit(1648481957.820:765): argc=1 a0="date"
type=EXECVE msg=audit(1648481957.824:766): argc=2 a0="dirname" a1="/etc/vmware-tools/resume-vm-default"
type=EXECVE msg=audit(1648481957.824:767): argc=2 a0="basename" a1="/etc/vmware-tools/resume-vm-default"
type=EXECVE msg=audit(1648481957.828:768): argc=2 a0="sed" a1="s,-default,,"
type=EXECVE msg=audit(1648481957.828:769): argc=5 a0="/bin/sh" a1="-e" a2="/etc/NetworkManager/dispatcher.d/01-ifupdown" a3="eth0" a4="down"
type=EXECVE msg=audit(1648481957.828:770): argc=2 a0="run-parts" a1="/etc/network/if-post-down.d"
type=EXECVE msg=audit(1648481957.828:771): argc=2 a0="/bin/sh" a1="/etc/network/if-post-down.d/ifenslave"
type=EXECVE msg=audit(1648481957.832:772): argc=4 a0="/bin/sh" a1="-x" a2="/etc/vmware-tools/scripts/vmware/network" a3="resume-vm"
type=EXECVE msg=audit(1648481957.832:773): argc=2 a0="/bin/sh" a1="/etc/network/if-post-down.d/macchanger"
type=EXECVE msg=audit(1648481957.832:774): argc=4 a0="expr" a1="9" a2="-" a3="1"
type=EXECVE msg=audit(1648481957.836:775): argc=2 a0="/bin/sh" a1="/etc/network/if-post-down.d/vlan"
type=EXECVE msg=audit(1648481957.836:777): argc=4 a0="seq" a1="8" a2="-1" a3="1"
type=EXECVE msg=audit(1648481957.836:776): argc=2 a0="/bin/sh" a1="/etc/network/if-post-down.d/wireless-tools"
type=EXECVE msg=audit(1648481957.836:778): argc=2 a0="/sbin/iwconfig" a1="eth0"
type=EXECVE msg=audit(1648481957.836:779): argc=3 a0="/bin/sh" a1="-e" a2="/usr/lib/php/sessionclean"
type=EXECVE msg=audit(1648481957.836:780): argc=4 a0="expr" a1="8" a2="+" a3="1"
type=EXECVE msg=audit(1648481957.840:781): argc=4 a0="sort" a1="-rn" a2="-t:" a3="-k2,2"
type=EXECVE msg=audit(1648481957.840:782): argc=5 a0="sort" a1="-u" a2="-t:" a3="-k" a4="1,1"
type=EXECVE msg=audit(1648481957.840:783): argc=3 a0="/bin/sh" a1="/usr/sbin/phpquery" a2="-V"
type=EXECVE msg=audit(1648481957.840:784): argc=4 a0="mv" a1="-f" a2="/var/log/vmware-network.8.log" a3="/var/log/vmware-network.9.log"
type=EXECVE msg=audit(1648481957.844:785): argc=4 a0="expr" a1="2" a2="-" a3="1"
type=EXECVE msg=audit(1648481957.844:786): argc=4 a0="expr" a1="7" a2="+" a3="1"
type=EXECVE msg=audit(1648481957.844:787): argc=4 a0="mv" a1="-f" a2="/var/log/vmware-network.7.log" a3="/var/log/vmware-network.8.log"
type=EXECVE msg=audit(1648481957.844:788): argc=2 a0="sort" a1="-rn"
type=EXECVE msg=audit(1648481957.848:789): argc=10 a0="find" a1="/usr/lib/php" a2="-mindepth" a3="1" a4="-maxdepth" a5="1" a6="-regex" a7=".*[0-9]\.[0-9]" a8="-printf" a9="%f\n"
type=EXECVE msg=audit(1648481957.848:790): argc=4 a0="expr" a1="6" a2="+" a3="1"
type=EXECVE msg=audit(1648481957.848:791): argc=4 a0="mv" a1="-f" a2="/var/log/vmware-network.6.log" a3="/var/log/vmware-network.7.log"
type=EXECVE msg=audit(1648481957.848:792): argc=7 a0="php7.4" a1="-c" a2="/etc/php/7.4/apache2/php.ini" a3="-d" a4="error_reporting='~E_ALL'" a5="-r" a6=666F726561636828696E695F6765745F616C6C282273657373696F6E222920617320246B203D3E20247629206563686F2022246B3D222E24765B226C6F63616C5F76616C7565225D2E225C6E223B
type=EXECVE msg=audit(1648481957.848:793): argc=4 a0="expr" a1="5" a2="+" a3="1"
type=EXECVE msg=audit(1648481957.856:794): argc=4 a0="mv" a1="-f" a2="/var/log/vmware-network.5.log" a3="/var/log/vmware-network.6.log"
type=EXECVE msg=audit(1648481957.856:795): argc=4 a0="expr" a1="4" a2="+" a3="1"
type=EXECVE msg=audit(1648481957.860:796): argc=4 a0="mv" a1="-f" a2="/var/log/vmware-network.4.log" a3="/var/log/vmware-network.5.log"
type=EXECVE msg=audit(1648481957.860:797): argc=4 a0="expr" a1="3" a2="+" a3="1"
type=EXECVE msg=audit(1648481957.864:798): argc=4 a0="mv" a1="-f" a2="/var/log/vmware-network.3.log" a3="/var/log/vmware-network.4.log"
type=EXECVE msg=audit(1648481957.864:799): argc=4 a0="expr" a1="2" a2="+" a3="1"
type=EXECVE msg=audit(1648481957.864:800): argc=4 a0="mv" a1="-f" a2="/var/log/vmware-network.2.log" a3="/var/log/vmware-network.3.log"
type=EXECVE msg=audit(1648481957.872:801): argc=4 a0="expr" a1="1" a2="+" a3="1"
type=EXECVE msg=audit(1648481957.872:802): argc=4 a0="mv" a1="-f" a2="/var/log/vmware-network.1.log" a3="/var/log/vmware-network.2.log"
type=EXECVE msg=audit(1648481957.876:803): argc=4 a0="mv" a1="-f" a2="/var/log/vmware-network.log" a3="/var/log/vmware-network.1.log"
type=EXECVE msg=audit(1648481957.876:804): argc=3 a0="chmod" a1="0600" a2="/var/log/vmware-network.log"
type=EXECVE msg=audit(1648481957.880:805): argc=1 a0="date"
type=EXECVE msg=audit(1648481957.880:806): argc=3 a0="sed" a1="-ne" a2="s/^session\.save_handler=\(.*\)$/\1/p"
type=EXECVE msg=audit(1648481957.880:807): argc=2 a0="dirname" a1="/etc/vmware-tools/scripts/vmware/network"
type=EXECVE msg=audit(1648481957.884:808): argc=3 a0="sed" a1="-ne" a2="s/^session\.save_path=\(.*;\)\?\(.*\)$/\2/p"
type=EXECVE msg=audit(1648481957.884:809): argc=3 a0="/bin/sh" a1="/usr/bin/which" a2="dbus-send"
type=EXECVE msg=audit(1648481957.884:810): argc=7 a0="/usr/bin/dbus-send" a1="--system" a2="--print-reply" a3="--dest=org.freedesktop.NetworkManager" a4="/org/freedesktop/NetworkManager" a5="org.freedesktop.NetworkManager.Enable" a6="boolean:true"
type=EXECVE msg=audit(1648481957.884:811): argc=3 a0="sed" a1="-ne" a2="s/^session\.gc_maxlifetime=\(.*\)$/\1/p"
type=EXECVE msg=audit(1648481957.888:812): argc=3 a0="sed" a1="-e" a2="s,@VERSION@,7.4,"
type=EXECVE msg=audit(1648481957.888:813): argc=7 a0="php7.4" a1="-c" a2="/etc/php/7.4/cli/php.ini" a3="-d" a4="error_reporting='~E_ALL'" a5="-r" a6=666F726561636828696E695F6765745F616C6C282273657373696F6E222920617320246B203D3E20247629206563686F2022246B3D222E24765B226C6F63616C5F76616C7565225D2E225C6E223B
type=EXECVE msg=audit(1648481957.904:814): argc=2 a0="/bin/sh" a1="/etc/network/if-post-down.d/wpasupplicant"
type=EXECVE msg=audit(1648481957.904:815): argc=3 a0="sed" a1="-ne" a2="s/^session\.save_handler=\(.*\)$/\1/p"
type=EXECVE msg=audit(1648481957.908:816): argc=4 a0="/bin/sh" a1="/etc/NetworkManager/dispatcher.d/ntp" a2="eth0" a3="down"
type=EXECVE msg=audit(1648481957.908:817): argc=3 a0="sed" a1="-ne" a2="s/^session\.save_path=\(.*;\)\?\(.*\)$/\2/p"
type=EXECVE msg=audit(1648481957.912:818): argc=3 a0="sed" a1="-ne" a2="s/^session\.gc_maxlifetime=\(.*\)$/\1/p"
type=EXECVE msg=audit(1648481957.912:819): argc=3 a0="sed" a1="-e" a2="s,@VERSION@,7.4,"
type=EXECVE msg=audit(1648481957.916:820): argc=3 a0="pidof" a1="apache2" a2="php7.4"
type=EXECVE msg=audit(1648481957.920:822): argc=1 a0="date"
type=EXECVE msg=audit(1648481957.920:823): argc=4 a0="expr" a1="0" a2="|" a3="0"
type=EXECVE msg=audit(1648481957.940:824): argc=14 a0="find" a1="-O3" a2="/var/lib/php/sessions/" a3="-ignore_readdir_race" a4="-depth" a5="-mindepth" a6="1" a7="-name" a8="sess_*" a9="-type" a10="f" a11="-cmin" a12="+24" a13="-delete"
type=EXECVE msg=audit(1648481957.944:825): argc=5 a0="/bin/sh" a1="-e" a2="/etc/NetworkManager/dispatcher.d/01-ifupdown" a3="eth0" a4="up"
type=EXECVE msg=audit(1648481957.944:826): argc=2 a0="run-parts" a1="/etc/network/if-up.d"
type=EXECVE msg=audit(1648481957.944:827): argc=2 a0="/bin/sh" a1="/etc/network/if-up.d/ethtool"
type=EXECVE msg=audit(1648481957.948:830): argc=3 a0="sed" a1="-n" a2=0A2F5E49465F45544845524E45545F50415553455F5B412D5A612D7A302D395F5D2A3D2F207B0A20202020683B20202020202020202020202020202020202020202020202020202020202320686F6C64206C696E650A20202020732F5E49465F45544845524E45545F50415553455F2F2F3B20732F3D2E2A2F2F3B20732F5F2F2D2F673B20202320676574206E616D6520776974686F7574207072656669780A20202020792F4142434445464748494A4B4C4D4E4F505152535455565758595A2F6162636465666768696A6B6C6D6E6F707172737475767778797A2F3B202023206C6F7765722D636173650A20202020703B0A20202020673B20202020202020202020202020202020202020202020202020202020202320726573746F7265206C696E650A20202020732F5E5B5E3D5D2A3D2F2F3B20732F5E275C282E2A5C29272F5C312F3B202023206765742076616C75650A20202020703B0A7D
type=EXECVE msg=audit(1648481957.948:831): argc=3 a0="sed" a1="-n" a2=0A2F5E49465F48415244574152455F4952515F434F414C455343455F5B412D5A612D7A302D395F5D2A3D2F207B0A20202020683B20202020202020202020202020202020202020202020202020202020202320686F6C64206C696E650A20202020732F5E49465F48415244574152455F4952515F434F414C455343455F2F2F3B20732F3D2E2A2F2F3B20732F5F2F2D2F673B20202320676574206E616D6520776974686F7574207072656669780A20202020792F4142434445464748494A4B4C4D4E4F505152535455565758595A2F6162636465666768696A6B6C6D6E6F707172737475767778797A2F3B202023206C6F7765722D636173650A20202020703B0A20202020673B20202020202020202020202020202020202020202020202020202020202320726573746F7265206C696E650A20202020732F5E5B5E3D5D2A3D2F2F3B20732F5E275C282E2A5C29272F5C312F3B202023206765742076616C75650A20202020703B0A7D
type=EXECVE msg=audit(1648481957.952:832): argc=3 a0="sed" a1="-n" a2=0A2F5E49465F48415244574152455F444D415F52494E475F5B412D5A612D7A302D395F5D2A3D2F207B0A20202020683B20202020202020202020202020202020202020202020202020202020202320686F6C64206C696E650A20202020732F5E49465F48415244574152455F444D415F52494E475F2F2F3B20732F3D2E2A2F2F3B20732F5F2F2D2F673B20202320676574206E616D6520776974686F7574207072656669780A20202020792F4142434445464748494A4B4C4D4E4F505152535455565758595A2F6162636465666768696A6B6C6D6E6F707172737475767778797A2F3B202023206C6F7765722D636173650A20202020703B0A20202020673B20202020202020202020202020202020202020202020202020202020202320726573746F7265206C696E650A20202020732F5E5B5E3D5D2A3D2F2F3B20732F5E275C282E2A5C29272F5C312F3B202023206765742076616C75650A20202020703B0A7D
type=EXECVE msg=audit(1648481957.952:833): argc=3 a0="sed" a1="-n" a2=0A2F5E49465F4F46464C4F41445F5B412D5A612D7A302D395F5D2A3D2F207B0A20202020683B20202020202020202020202020202020202020202020202020202020202320686F6C64206C696E650A20202020732F5E49465F4F46464C4F41445F2F2F3B20732F3D2E2A2F2F3B20732F5F2F2D2F673B20202320676574206E616D6520776974686F7574207072656669780A20202020792F4142434445464748494A4B4C4D4E4F505152535455565758595A2F6162636465666768696A6B6C6D6E6F707172737475767778797A2F3B202023206C6F7765722D636173650A20202020703B0A20202020673B20202020202020202020202020202020202020202020202020202020202320726573746F7265206C696E650A20202020732F5E5B5E3D5D2A3D2F2F3B20732F5E275C282E2A5C29272F5C312F3B202023206765742076616C75650A20202020703B0A7D
type=EXECVE msg=audit(1648481957.956:834): argc=2 a0="/bin/sh" a1="/etc/network/if-up.d/ifenslave"
type=EXECVE msg=audit(1648481957.956:835): argc=2 a0="/bin/sh" a1="/etc/network/if-up.d/ip"
type=EXECVE msg=audit(1648481957.960:836): argc=2 a0="/bin/sh" a1="/etc/network/if-up.d/miredo"
type=EXECVE msg=audit(1648481957.960:837): argc=5 a0="/bin/sh" a1="/usr/sbin/invoke-rc.d" a2="--quiet" a3="miredo" a4="status"
type=EXECVE msg=audit(1648481957.960:838): argc=1 a0="/sbin/runlevel"
type=EXECVE msg=audit(1648481957.964:839): argc=5 a0="systemctl" a1="-p" a2="LoadState" a3="show" a4="miredo.service"
type=EXECVE msg=audit(1648481957.972:840): argc=3 a0="systemctl" a1="status" a2="miredo.service"
type=EXECVE msg=audit(1648481957.980:841): argc=2 a0="/bin/sh" a1="/etc/network/if-up.d/openvpn"
type=EXECVE msg=audit(1648481957.984:842): argc=2 a0="/bin/sh" a1="/etc/network/if-up.d/wpasupplicant"
type=EXECVE msg=audit(1648481957.984:843): argc=3 a0="grep" a1="-q" a2="^IF_WPA"
type=EXECVE msg=audit(1648481957.988:844): argc=2 a0="run-parts" a1="/etc/network/if-up.d"
type=EXECVE msg=audit(1648481957.988:845): argc=2 a0="/bin/sh" a1="/etc/network/if-up.d/ethtool"
type=EXECVE msg=audit(1648481957.988:846): argc=3 a0="sed" a1="-n" a2=0A2F5E49465F45544845524E45545F50415553455F5B412D5A612D7A302D395F5D2A3D2F207B0A20202020683B20202020202020202020202020202020202020202020202020202020202320686F6C64206C696E650A20202020732F5E49465F45544845524E45545F50415553455F2F2F3B20732F3D2E2A2F2F3B20732F5F2F2D2F673B20202320676574206E616D6520776974686F7574207072656669780A20202020792F4142434445464748494A4B4C4D4E4F505152535455565758595A2F6162636465666768696A6B6C6D6E6F707172737475767778797A2F3B202023206C6F7765722D636173650A20202020703B0A20202020673B20202020202020202020202020202020202020202020202020202020202320726573746F7265206C696E650A20202020732F5E5B5E3D5D2A3D2F2F3B20732F5E275C282E2A5C29272F5C312F3B202023206765742076616C75650A20202020703B0A7D
type=EXECVE msg=audit(1648481957.992:847): argc=3 a0="sed" a1="-n" a2=0A2F5E49465F48415244574152455F4952515F434F414C455343455F5B412D5A612D7A302D395F5D2A3D2F207B0A20202020683B20202020202020202020202020202020202020202020202020202020202320686F6C64206C696E650A20202020732F5E49465F48415244574152455F4952515F434F414C455343455F2F2F3B20732F3D2E2A2F2F3B20732F5F2F2D2F673B20202320676574206E616D6520776974686F7574207072656669780A20202020792F4142434445464748494A4B4C4D4E4F505152535455565758595A2F6162636465666768696A6B6C6D6E6F707172737475767778797A2F3B202023206C6F7765722D636173650A20202020703B0A20202020673B20202020202020202020202020202020202020202020202020202020202320726573746F7265206C696E650A20202020732F5E5B5E3D5D2A3D2F2F3B20732F5E275C282E2A5C29272F5C312F3B202023206765742076616C75650A20202020703B0A7D
type=EXECVE msg=audit(1648481957.992:848): argc=3 a0="sed" a1="-n" a2=0A2F5E49465F48415244574152455F444D415F52494E475F5B412D5A612D7A302D395F5D2A3D2F207B0A20202020683B20202020202020202020202020202020202020202020202020202020202320686F6C64206C696E650A20202020732F5E49465F48415244574152455F444D415F52494E475F2F2F3B20732F3D2E2A2F2F3B20732F5F2F2D2F673B20202320676574206E616D6520776974686F7574207072656669780A20202020792F4142434445464748494A4B4C4D4E4F505152535455565758595A2F6162636465666768696A6B6C6D6E6F707172737475767778797A2F3B202023206C6F7765722D636173650A20202020703B0A20202020673B20202020202020202020202020202020202020202020202020202020202320726573746F7265206C696E650A20202020732F5E5B5E3D5D2A3D2F2F3B20732F5E275C282E2A5C29272F5C312F3B202023206765742076616C75650A20202020703B0A7D
type=EXECVE msg=audit(1648481957.996:849): argc=3 a0="sed" a1="-n" a2=0A2F5E49465F4F46464C4F41445F5B412D5A612D7A302D395F5D2A3D2F207B0A20202020683B20202020202020202020202020202020202020202020202020202020202320686F6C64206C696E650A20202020732F5E49465F4F46464C4F41445F2F2F3B20732F3D2E2A2F2F3B20732F5F2F2D2F673B20202320676574206E616D6520776974686F7574207072656669780A20202020792F4142434445464748494A4B4C4D4E4F505152535455565758595A2F6162636465666768696A6B6C6D6E6F707172737475767778797A2F3B202023206C6F7765722D636173650A20202020703B0A20202020673B20202020202020202020202020202020202020202020202020202020202320726573746F7265206C696E650A20202020732F5E5B5E3D5D2A3D2F2F3B20732F5E275C282E2A5C29272F5C312F3B202023206765742076616C75650A20202020703B0A7D
type=EXECVE msg=audit(1648481957.996:850): argc=2 a0="/bin/sh" a1="/etc/network/if-up.d/ifenslave"
type=EXECVE msg=audit(1648481958.000:851): argc=2 a0="/bin/sh" a1="/etc/network/if-up.d/ip"
type=EXECVE msg=audit(1648481958.000:852): argc=2 a0="/bin/sh" a1="/etc/network/if-up.d/miredo"
type=EXECVE msg=audit(1648481958.000:853): argc=2 a0="/bin/sh" a1="/etc/network/if-up.d/openvpn"
type=EXECVE msg=audit(1648481958.004:854): argc=2 a0="/bin/sh" a1="/etc/network/if-up.d/wpasupplicant"
type=EXECVE msg=audit(1648481958.004:855): argc=3 a0="grep" a1="-q" a2="^IF_WPA"
type=EXECVE msg=audit(1648481958.008:856): argc=4 a0="/bin/sh" a1="/etc/NetworkManager/dispatcher.d/ntp" a2="eth0" a3="up"
type=EXECVE msg=audit(1648481958.008:857): argc=5 a0="/bin/sh" a1="-e" a2="/etc/NetworkManager/dispatcher.d/01-ifupdown" a3="" a4="connectivity-change"
type=EXECVE msg=audit(1648481958.012:858): argc=4 a0="/bin/sh" a1="/etc/NetworkManager/dispatcher.d/ntp" a2="" a3="connectivity-change"
type=EXECVE msg=audit(1648481963.364:867): argc=3 a0="ls" a1="--color=auto" a2="-l"
type=EXECVE msg=audit(1648481971.116:871): argc=6 a0="fusermount3" a1="-u" a2="-q" a3="-z" a4="--" a5="/run/user/132/gvfs"
type=EXECVE msg=audit(1648481971.136:885): argc=3 a0="/lib/systemd/systemd-user-runtime-dir" a1="stop" a2="132"
type=EXECVE msg=audit(1648481976.596:887): argc=3 a0="ls" a1="--color=auto" a2="-l"
type=EXECVE msg=audit(1648481981.668:891): argc=3 a0="ls" a1="--color=auto" a2="-l"
type=EXECVE msg=audit(1648481983.216:899): argc=1 a0="locale"
type=EXECVE msg=audit(1648481983.220:900): argc=2 a0="cat" a1="--version"
type=EXECVE msg=audit(1648481983.580:902): argc=2 a0="cat" a1="audit.log"
type=EXECVE msg=audit(1648481988.144:911): argc=2 a0="cat" a1="audit.log"
type=EXECVE msg=audit(1648481988.144:912): argc=3 a0="grep" a1="--color=auto" a2="argc"
type=EXECVE msg=audit(1648482003.144:915): argc=2 a0="cat" a1="audit.log"
type=EXECVE msg=audit(1648482003.144:916): argc=3 a0="grep" a1="--color=auto" a2="argc"
type=EXECVE msg=audit(1648482003.144:918): argc=2 a0="wc" a1="-l"
type=EXECVE msg=audit(1648482012.228:937): argc=2 a0="cat" a1="audit.log"
type=EXECVE msg=audit(1648482012.228:939): argc=3 a0="grep" a1="--color=auto" a2="argc"
